2026-02-12 07:56:03.560 | INFO     | __main__:main:659 - [94m=== PID Synergy Graph Construction ===[0m
2026-02-12 07:56:03.560 | INFO     | __main__:main:662 - [94mPhase 1: Loading datasets[0m
2026-02-12 07:56:03.560 | INFO     | __main__:load_datasets:206 - [94mLoading[0m full_data_out.json from data_id1
2026-02-12 07:56:03.587 | INFO     | __main__:load_datasets:264 -   [92mbreast_cancer_wisconsin[0m: 569 samples, 30 features, 2 classes
2026-02-12 07:56:03.589 | INFO     | __main__:load_datasets:264 -   [92mwine[0m: 178 samples, 13 features, 3 classes
2026-02-12 07:56:03.589 | INFO     | __main__:load_datasets:206 - [94mLoading[0m full_data_out.json from data_id2
2026-02-12 07:56:03.645 | INFO     | __main__:load_datasets:264 -   [92mdiabetes[0m: 768 samples, 8 features, 2 classes
2026-02-12 07:56:03.647 | INFO     | __main__:load_datasets:264 -   [92mheart-statlog[0m: 270 samples, 13 features, 2 classes
2026-02-12 07:56:03.651 | INFO     | __main__:load_datasets:264 -   [92mionosphere[0m: 351 samples, 34 features, 2 classes
2026-02-12 07:56:03.656 | INFO     | __main__:load_datasets:264 -   [92msonar[0m: 208 samples, 60 features, 2 classes
2026-02-12 07:56:03.663 | INFO     | __main__:load_datasets:264 -   [92mvehicle[0m: 846 samples, 18 features, 4 classes
2026-02-12 07:56:03.682 | INFO     | __main__:load_datasets:264 -   [92msegment[0m: 2310 samples, 19 features, 7 classes
2026-02-12 07:56:03.684 | INFO     | __main__:load_datasets:264 -   [92mglass[0m: 214 samples, 9 features, 6 classes
2026-02-12 07:56:03.688 | INFO     | __main__:load_datasets:264 -   [92mbanknote-authentication[0m: 1372 samples, 4 features, 2 classes
2026-02-12 07:56:03.688 | INFO     | __main__:load_datasets:206 - [94mLoading[0m full_data_out.json from data_id3
2026-02-12 07:56:03.715 | INFO     | __main__:load_datasets:264 -   [92mcredit_g[0m: 1000 samples, 20 features, 2 classes
2026-02-12 07:56:03.720 | INFO     | __main__:load_datasets:264 -   [92maustralian[0m: 690 samples, 14 features, 2 classes
2026-02-12 07:56:03.720 | INFO     | __main__:load_datasets:269 - [92mLoaded 12 datasets[0m
2026-02-12 07:56:03.721 | INFO     | __main__:main:664 - Loaded 12 datasets in 0.2s
2026-02-12 07:56:03.722 | INFO     | __main__:main:671 - Processing order (by pair count):
2026-02-12 07:56:03.722 | INFO     | __main__:main:675 -   banknote-authentication: 4 features -> 6 pairs
2026-02-12 07:56:03.722 | INFO     | __main__:main:675 -   diabetes: 8 features -> 28 pairs
2026-02-12 07:56:03.722 | INFO     | __main__:main:675 -   glass: 9 features -> 36 pairs
2026-02-12 07:56:03.722 | INFO     | __main__:main:675 -   wine: 13 features -> 78 pairs
2026-02-12 07:56:03.722 | INFO     | __main__:main:675 -   heart-statlog: 13 features -> 78 pairs
2026-02-12 07:56:03.722 | INFO     | __main__:main:675 -   australian: 14 features -> 91 pairs
2026-02-12 07:56:03.722 | INFO     | __main__:main:675 -   vehicle: 18 features -> 153 pairs
2026-02-12 07:56:03.722 | INFO     | __main__:main:675 -   segment: 19 features -> 171 pairs
2026-02-12 07:56:03.722 | INFO     | __main__:main:675 -   credit_g: 20 features -> 190 pairs
2026-02-12 07:56:03.722 | INFO     | __main__:main:675 -   breast_cancer_wisconsin: 30 features -> 435 pairs
2026-02-12 07:56:03.723 | INFO     | __main__:main:675 -   ionosphere: 34 features -> 561 pairs
2026-02-12 07:56:03.723 | INFO     | __main__:main:675 -   sonar: 60 features -> 1770 pairs
2026-02-12 07:56:03.723 | INFO     | __main__:main:685 - 
[94m[1/12] banknote-authentication[0m: 4 features, 6 pairs, 1372 samples
2026-02-12 07:56:03.723 | INFO     | __main__:main:694 -   Discretizing (5 bins)...
2026-02-12 07:56:03.725 | INFO     | __main__:main:698 -   Computing PID (5 bins, 6 pairs)...
2026-02-12 07:56:03.755 | INFO     | __main__:compute_all_pairwise_pid:377 -   5-bin: 6/6 pairs in 0.0s
2026-02-12 07:56:03.755 | INFO     | __main__:main:694 -   Discretizing (10 bins)...
2026-02-12 07:56:03.758 | INFO     | __main__:main:698 -   Computing PID (10 bins, 6 pairs)...
2026-02-12 07:56:03.788 | INFO     | __main__:compute_all_pairwise_pid:377 -   10-bin: 6/6 pairs in 0.0s
2026-02-12 07:56:03.788 | INFO     | __main__:main:709 -   Building synergy graphs...
2026-02-12 07:56:03.791 | INFO     | __main__:main:728 -   Computing discretization stability...
2026-02-12 07:56:03.793 | INFO     | __main__:main:734 -   Stability: Spearman=1.000, Jaccard(top25%)=1.000
2026-02-12 07:56:03.793 | INFO     | __main__:main:756 -   [92mCompleted banknote-authentication in 0.1s[0m
2026-02-12 07:56:03.793 | INFO     | __main__:main:685 - 
[94m[2/12] diabetes[0m: 8 features, 28 pairs, 768 samples
2026-02-12 07:56:03.793 | INFO     | __main__:main:694 -   Discretizing (5 bins)...
2026-02-12 07:56:03.798 | INFO     | __main__:main:698 -   Computing PID (5 bins, 28 pairs)...
2026-02-12 07:56:03.893 | INFO     | __main__:compute_all_pairwise_pid:377 -   5-bin: 28/28 pairs in 0.1s
2026-02-12 07:56:03.893 | INFO     | __main__:main:694 -   Discretizing (10 bins)...
2026-02-12 07:56:03.898 | INFO     | __main__:main:698 -   Computing PID (10 bins, 28 pairs)...
2026-02-12 07:56:04.015 | INFO     | __main__:compute_all_pairwise_pid:377 -   10-bin: 28/28 pairs in 0.1s
2026-02-12 07:56:04.015 | INFO     | __main__:main:709 -   Building synergy graphs...
2026-02-12 07:56:04.017 | INFO     | __main__:main:728 -   Computing discretization stability...
2026-02-12 07:56:04.019 | INFO     | __main__:main:734 -   Stability: Spearman=0.544, Jaccard(top25%)=0.400
2026-02-12 07:56:04.019 | INFO     | __main__:main:741 -   Checking domain-meaningful interactions...
2026-02-12 07:56:04.019 | INFO     | __main__:main:748 -     plas-insu: rank 27/28 (top-10%: False, top-25%: False)
2026-02-12 07:56:04.019 | INFO     | __main__:main:748 -     plas-mass: rank 2/28 (top-10%: True, top-25%: True)
2026-02-12 07:56:04.020 | INFO     | __main__:main:748 -     mass-age: rank 1/28 (top-10%: True, top-25%: True)
2026-02-12 07:56:04.020 | INFO     | __main__:main:756 -   [92mCompleted diabetes in 0.2s[0m
2026-02-12 07:56:04.020 | INFO     | __main__:main:685 - 
[94m[3/12] glass[0m: 9 features, 36 pairs, 214 samples
2026-02-12 07:56:04.020 | INFO     | __main__:main:694 -   Discretizing (5 bins)...
2026-02-12 07:56:04.025 | INFO     | __main__:main:698 -   Computing PID (5 bins, 36 pairs)...
2026-02-12 07:56:04.091 | INFO     | __main__:compute_all_pairwise_pid:377 -   5-bin: 36/36 pairs in 0.1s
2026-02-12 07:56:04.091 | INFO     | __main__:main:694 -   Discretizing (10 bins)...
2026-02-12 07:56:04.097 | INFO     | __main__:main:698 -   Computing PID (10 bins, 36 pairs)...
2026-02-12 07:56:04.162 | INFO     | __main__:compute_all_pairwise_pid:377 -   10-bin: 36/36 pairs in 0.1s
2026-02-12 07:56:04.163 | INFO     | __main__:main:709 -   Building synergy graphs...
2026-02-12 07:56:04.165 | INFO     | __main__:main:728 -   Computing discretization stability...
2026-02-12 07:56:04.167 | INFO     | __main__:main:734 -   Stability: Spearman=0.914, Jaccard(top25%)=0.500
2026-02-12 07:56:04.167 | INFO     | __main__:main:756 -   [92mCompleted glass in 0.1s[0m
2026-02-12 07:56:04.167 | INFO     | __main__:main:685 - 
[94m[4/12] wine[0m: 13 features, 78 pairs, 178 samples
2026-02-12 07:56:04.167 | INFO     | __main__:main:694 -   Discretizing (5 bins)...
2026-02-12 07:56:04.167 | DEBUG    | __main__:discretize_dataset:284 -   Using pre-computed 5-bin discretization
2026-02-12 07:56:04.167 | INFO     | __main__:main:698 -   Computing PID (5 bins, 78 pairs)...
2026-02-12 07:56:04.261 | INFO     | __main__:compute_all_pairwise_pid:377 -   5-bin: 78/78 pairs in 0.1s
2026-02-12 07:56:04.261 | INFO     | __main__:main:694 -   Discretizing (10 bins)...
2026-02-12 07:56:04.261 | DEBUG    | __main__:discretize_dataset:284 -   Using pre-computed 10-bin discretization
2026-02-12 07:56:04.261 | INFO     | __main__:main:698 -   Computing PID (10 bins, 78 pairs)...
2026-02-12 07:56:04.340 | INFO     | __main__:compute_all_pairwise_pid:377 -   10-bin: 78/78 pairs in 0.1s
2026-02-12 07:56:04.341 | INFO     | __main__:main:709 -   Building synergy graphs...
2026-02-12 07:56:04.344 | INFO     | __main__:main:728 -   Computing discretization stability...
2026-02-12 07:56:04.345 | INFO     | __main__:main:734 -   Stability: Spearman=0.712, Jaccard(top25%)=0.379
2026-02-12 07:56:04.345 | INFO     | __main__:main:756 -   [92mCompleted wine in 0.2s[0m
2026-02-12 07:56:04.346 | INFO     | __main__:main:685 - 
[94m[5/12] heart-statlog[0m: 13 features, 78 pairs, 270 samples
2026-02-12 07:56:04.346 | INFO     | __main__:main:694 -   Discretizing (5 bins)...
2026-02-12 07:56:04.353 | INFO     | __main__:main:698 -   Computing PID (5 bins, 78 pairs)...
2026-02-12 07:56:04.448 | INFO     | __main__:compute_all_pairwise_pid:377 -   5-bin: 78/78 pairs in 0.1s
2026-02-12 07:56:04.448 | INFO     | __main__:main:694 -   Discretizing (10 bins)...
2026-02-12 07:56:04.456 | INFO     | __main__:main:698 -   Computing PID (10 bins, 78 pairs)...
2026-02-12 07:56:04.550 | INFO     | __main__:compute_all_pairwise_pid:377 -   10-bin: 78/78 pairs in 0.1s
2026-02-12 07:56:04.551 | INFO     | __main__:main:709 -   Building synergy graphs...
2026-02-12 07:56:04.554 | INFO     | __main__:main:728 -   Computing discretization stability...
2026-02-12 07:56:04.556 | INFO     | __main__:main:734 -   Stability: Spearman=0.870, Jaccard(top25%)=0.739
2026-02-12 07:56:04.556 | INFO     | __main__:main:741 -   Checking domain-meaningful interactions...
2026-02-12 07:56:04.556 | INFO     | __main__:main:748 -     chest-maximum_heart_rate_achieved: rank 23/78 (top-10%: False, top-25%: False)
2026-02-12 07:56:04.557 | INFO     | __main__:main:748 -     age-oldpeak: rank 7/78 (top-10%: True, top-25%: True)
2026-02-12 07:56:04.557 | INFO     | __main__:main:756 -   [92mCompleted heart-statlog in 0.2s[0m
2026-02-12 07:56:04.557 | INFO     | __main__:main:685 - 
[94m[6/12] australian[0m: 14 features, 91 pairs, 690 samples
2026-02-12 07:56:04.557 | INFO     | __main__:main:694 -   Discretizing (5 bins)...
2026-02-12 07:56:04.562 | INFO     | __main__:main:698 -   Computing PID (5 bins, 91 pairs)...
2026-02-12 07:56:04.873 | INFO     | __main__:compute_all_pairwise_pid:377 -   5-bin: 91/91 pairs in 0.3s
2026-02-12 07:56:04.874 | INFO     | __main__:main:694 -   Discretizing (10 bins)...
2026-02-12 07:56:04.878 | INFO     | __main__:main:698 -   Computing PID (10 bins, 91 pairs)...
2026-02-12 07:56:05.172 | INFO     | __main__:compute_all_pairwise_pid:377 -   10-bin: 91/91 pairs in 0.3s
2026-02-12 07:56:05.172 | INFO     | __main__:main:709 -   Building synergy graphs...
2026-02-12 07:56:05.175 | INFO     | __main__:main:728 -   Computing discretization stability...
2026-02-12 07:56:05.176 | INFO     | __main__:main:734 -   Stability: Spearman=0.935, Jaccard(top25%)=0.586
2026-02-12 07:56:05.177 | INFO     | __main__:main:756 -   [92mCompleted australian in 0.6s[0m
2026-02-12 07:56:05.177 | INFO     | __main__:main:685 - 
[94m[7/12] vehicle[0m: 18 features, 153 pairs, 846 samples
2026-02-12 07:56:05.177 | INFO     | __main__:main:694 -   Discretizing (5 bins)...
2026-02-12 07:56:05.186 | INFO     | __main__:main:698 -   Computing PID (5 bins, 153 pairs)...
2026-02-12 07:56:05.678 | INFO     | __main__:compute_all_pairwise_pid:377 -   5-bin: 153/153 pairs in 0.5s
2026-02-12 07:56:05.678 | INFO     | __main__:main:694 -   Discretizing (10 bins)...
2026-02-12 07:56:05.689 | INFO     | __main__:main:698 -   Computing PID (10 bins, 153 pairs)...
2026-02-12 07:56:06.193 | INFO     | __main__:compute_all_pairwise_pid:377 -   10-bin: 153/153 pairs in 0.5s
2026-02-12 07:56:06.193 | INFO     | __main__:main:709 -   Building synergy graphs...
2026-02-12 07:56:06.198 | INFO     | __main__:main:728 -   Computing discretization stability...
2026-02-12 07:56:06.200 | INFO     | __main__:main:734 -   Stability: Spearman=0.910, Jaccard(top25%)=0.733
2026-02-12 07:56:06.200 | INFO     | __main__:main:756 -   [92mCompleted vehicle in 1.0s[0m
2026-02-12 07:56:06.200 | INFO     | __main__:main:685 - 
[94m[8/12] segment[0m: 19 features, 171 pairs, 2310 samples
2026-02-12 07:56:06.200 | INFO     | __main__:main:694 -   Discretizing (5 bins)...
2026-02-12 07:56:06.213 | INFO     | __main__:main:698 -   Computing PID (5 bins, 171 pairs)...
2026-02-12 07:56:07.656 | INFO     | __main__:compute_all_pairwise_pid:377 -   5-bin: 171/171 pairs in 1.4s
2026-02-12 07:56:07.657 | INFO     | __main__:main:694 -   Discretizing (10 bins)...
2026-02-12 07:56:07.669 | INFO     | __main__:main:698 -   Computing PID (10 bins, 171 pairs)...
2026-02-12 07:56:09.194 | INFO     | __main__:compute_all_pairwise_pid:377 -   10-bin: 171/171 pairs in 1.5s
2026-02-12 07:56:09.195 | INFO     | __main__:main:709 -   Building synergy graphs...
2026-02-12 07:56:09.199 | INFO     | __main__:main:728 -   Computing discretization stability...
2026-02-12 07:56:09.201 | INFO     | __main__:main:734 -   Stability: Spearman=0.969, Jaccard(top25%)=0.792
2026-02-12 07:56:09.201 | INFO     | __main__:main:756 -   [92mCompleted segment in 3.0s[0m
2026-02-12 07:56:09.201 | INFO     | __main__:main:685 - 
[94m[9/12] credit_g[0m: 20 features, 190 pairs, 1000 samples
2026-02-12 07:56:09.201 | INFO     | __main__:main:694 -   Discretizing (5 bins)...
2026-02-12 07:56:09.206 | INFO     | __main__:main:698 -   Computing PID (5 bins, 190 pairs)...
2026-02-12 07:56:09.954 | INFO     | __main__:compute_all_pairwise_pid:377 -   5-bin: 190/190 pairs in 0.7s
2026-02-12 07:56:09.955 | INFO     | __main__:main:694 -   Discretizing (10 bins)...
2026-02-12 07:56:09.962 | INFO     | __main__:main:698 -   Computing PID (10 bins, 190 pairs)...
2026-02-12 07:56:10.702 | INFO     | __main__:compute_all_pairwise_pid:377 -   10-bin: 190/190 pairs in 0.7s
2026-02-12 07:56:10.702 | INFO     | __main__:main:709 -   Building synergy graphs...
2026-02-12 07:56:10.706 | INFO     | __main__:main:728 -   Computing discretization stability...
2026-02-12 07:56:10.708 | INFO     | __main__:main:734 -   Stability: Spearman=0.966, Jaccard(top25%)=0.714
2026-02-12 07:56:10.708 | INFO     | __main__:main:756 -   [92mCompleted credit_g in 1.5s[0m
2026-02-12 07:56:10.709 | INFO     | __main__:main:685 - 
[94m[10/12] breast_cancer_wisconsin[0m: 30 features, 435 pairs, 569 samples
2026-02-12 07:56:10.709 | INFO     | __main__:main:694 -   Discretizing (5 bins)...
2026-02-12 07:56:10.709 | DEBUG    | __main__:discretize_dataset:284 -   Using pre-computed 5-bin discretization
2026-02-12 07:56:10.709 | INFO     | __main__:main:698 -   Computing PID (5 bins, 435 pairs)...
2026-02-12 07:56:11.768 | INFO     | __main__:compute_all_pairwise_pid:377 -   5-bin: 435/435 pairs in 1.1s
2026-02-12 07:56:11.768 | INFO     | __main__:main:694 -   Discretizing (10 bins)...
2026-02-12 07:56:11.768 | DEBUG    | __main__:discretize_dataset:284 -   Using pre-computed 10-bin discretization
2026-02-12 07:56:11.768 | INFO     | __main__:main:698 -   Computing PID (10 bins, 435 pairs)...
2026-02-12 07:56:13.112 | INFO     | __main__:compute_all_pairwise_pid:377 -   10-bin: 435/435 pairs in 1.3s
2026-02-12 07:56:13.112 | INFO     | __main__:main:709 -   Building synergy graphs...
2026-02-12 07:56:13.122 | INFO     | __main__:main:728 -   Computing discretization stability...
2026-02-12 07:56:13.125 | INFO     | __main__:main:734 -   Stability: Spearman=0.808, Jaccard(top25%)=0.639
2026-02-12 07:56:13.125 | INFO     | __main__:main:741 -   Checking domain-meaningful interactions...
2026-02-12 07:56:13.126 | INFO     | __main__:main:748 -     mean radius-mean perimeter: rank 415/435 (top-10%: False, top-25%: False)
2026-02-12 07:56:13.126 | INFO     | __main__:main:748 -     mean area-mean concavity: rank 12/435 (top-10%: True, top-25%: True)
2026-02-12 07:56:13.126 | INFO     | __main__:main:756 -   [92mCompleted breast_cancer_wisconsin in 2.4s[0m
2026-02-12 07:56:13.126 | INFO     | __main__:main:685 - 
[94m[11/12] ionosphere[0m: 34 features, 561 pairs, 351 samples
2026-02-12 07:56:13.126 | INFO     | __main__:main:694 -   Discretizing (5 bins)...
2026-02-12 07:56:13.144 | INFO     | __main__:main:698 -   Computing PID (5 bins, 561 pairs)...
2026-02-12 07:56:14.259 | INFO     | __main__:compute_all_pairwise_pid:377 -   5-bin: 561/561 pairs in 1.1s
2026-02-12 07:56:14.260 | INFO     | __main__:main:694 -   Discretizing (10 bins)...
2026-02-12 07:56:14.287 | INFO     | __main__:main:698 -   Computing PID (10 bins, 561 pairs)...
2026-02-12 07:56:15.411 | INFO     | __main__:compute_all_pairwise_pid:377 -   10-bin: 561/561 pairs in 1.1s
2026-02-12 07:56:15.412 | INFO     | __main__:main:709 -   Building synergy graphs...
2026-02-12 07:56:15.430 | INFO     | __main__:main:728 -   Computing discretization stability...
2026-02-12 07:56:15.435 | INFO     | __main__:main:734 -   Stability: Spearman=0.688, Jaccard(top25%)=0.424
2026-02-12 07:56:15.436 | INFO     | __main__:main:756 -   [92mCompleted ionosphere in 2.3s[0m
2026-02-12 07:56:15.436 | INFO     | __main__:main:685 - 
[94m[12/12] sonar[0m: 60 features, 1770 pairs, 208 samples
2026-02-12 07:56:15.436 | INFO     | __main__:main:694 -   Discretizing (5 bins)...
2026-02-12 07:56:15.489 | INFO     | __main__:main:698 -   Computing PID (5 bins, 1770 pairs)...
2026-02-12 07:56:17.862 | INFO     | __main__:compute_all_pairwise_pid:377 -   5-bin: 1770/1770 pairs in 2.4s
2026-02-12 07:56:17.863 | INFO     | __main__:main:694 -   Discretizing (10 bins)...
2026-02-12 07:56:17.896 | INFO     | __main__:main:698 -   Computing PID (10 bins, 1770 pairs)...
2026-02-12 07:56:20.104 | INFO     | __main__:compute_all_pairwise_pid:377 -   10-bin: 1770/1770 pairs in 2.2s
2026-02-12 07:56:20.104 | INFO     | __main__:main:709 -   Building synergy graphs...
2026-02-12 07:56:20.168 | INFO     | __main__:main:728 -   Computing discretization stability...
2026-02-12 07:56:20.174 | INFO     | __main__:main:734 -   Stability: Spearman=0.469, Jaccard(top25%)=0.324
2026-02-12 07:56:20.174 | INFO     | __main__:main:756 -   [92mCompleted sonar in 4.7s[0m
2026-02-12 07:56:20.174 | INFO     | __main__:main:770 - 
[94mPhase 7: Generating output[0m
2026-02-12 07:56:20.229 | INFO     | __main__:main:775 - Output: 12 datasets, 3597 examples
2026-02-12 07:56:20.381 | INFO     | __main__:main:780 - Saved output to /home/adrian/projects/ai-inventor/aii_pipeline/runs/run__20260212_072136/3_invention_loop/iter_2/gen_art/exp_id1_it2__opus/method_out.json
2026-02-12 07:56:20.383 | INFO     | __main__:main:819 - Saved summary CSV to /home/adrian/projects/ai-inventor/aii_pipeline/runs/run__20260212_072136/3_invention_loop/iter_2/gen_art/exp_id1_it2__opus/summary.csv
2026-02-12 07:56:20.383 | INFO     | __main__:main:822 - 
[92m=== DONE in 16.8s ===[0m
