2026-02-12 08:15:49.697 | INFO     | method:load_all_datasets:74 - Loading artifact data_id1 from full_data_out.json
2026-02-12 08:15:49.775 | INFO     | method:load_all_datasets:121 -   breast_cancer_wisconsin: (569, 30), 2 classes, 5 folds
2026-02-12 08:15:49.777 | INFO     | method:load_all_datasets:121 -   wine: (178, 13), 3 classes, 5 folds
2026-02-12 08:16:03.459 | INFO     | method:load_all_datasets:74 - Loading artifact data_id1 from full_data_out.json
2026-02-12 08:16:03.536 | INFO     | method:load_all_datasets:121 -   breast_cancer_wisconsin: (569, 30), 2 classes, 5 folds
2026-02-12 08:16:03.538 | INFO     | method:load_all_datasets:121 -   wine: (178, 13), 3 classes, 5 folds
2026-02-12 08:16:03.539 | INFO     | method:run_experiment:799 - Loaded 2 datasets total
2026-02-12 08:16:03.539 | INFO     | method:run_experiment:806 - Dataset order: ['wine', 'breast_cancer_wisconsin']
2026-02-12 08:16:03.539 | INFO     | method:run_experiment:816 - [1/2] Processing wine: (178, 13), 3 classes
2026-02-12 08:16:03.586 | INFO     | method:run_experiment:838 -   Synergy graph: 20 edges, 25 candidates, threshold=0.3881, time=0.0s
2026-02-12 08:16:03.586 | DEBUG    | method:run_experiment:857 -   Fold 0: train=142, test=36
2026-02-12 08:16:12.680 | DEBUG    | method:run_experiment:857 -   Fold 1: train=142, test=36
2026-02-12 08:16:14.071 | DEBUG    | method:run_experiment:857 -   Fold 2: train=142, test=36
2026-02-12 08:16:18.599 | DEBUG    | method:run_experiment:857 -   Fold 3: train=143, test=35
2026-02-12 08:16:19.898 | DEBUG    | method:run_experiment:857 -   Fold 4: train=143, test=35
2026-02-12 08:16:24.657 | SUCCESS  | method:run_experiment:1039 - Completed wine
2026-02-12 08:16:24.657 | INFO     | method:run_experiment:816 - [2/2] Processing breast_cancer_wisconsin: (569, 30), 2 classes
2026-02-12 08:16:25.438 | INFO     | method:run_experiment:838 -   Synergy graph: 109 edges, 174 candidates, threshold=0.0945, time=0.8s
2026-02-12 08:16:25.438 | DEBUG    | method:run_experiment:857 -   Fold 0: train=455, test=114
2026-02-12 08:16:42.659 | DEBUG    | method:run_experiment:857 -   Fold 1: train=455, test=114
2026-02-12 08:16:59.559 | DEBUG    | method:run_experiment:857 -   Fold 2: train=455, test=114
2026-02-12 08:17:02.347 | DEBUG    | method:run_experiment:857 -   Fold 3: train=455, test=114
2026-02-12 08:17:09.258 | DEBUG    | method:run_experiment:857 -   Fold 4: train=456, test=113
2026-02-12 08:17:22.763 | SUCCESS  | method:run_experiment:1039 - Completed breast_cancer_wisconsin
2026-02-12 08:17:22.766 | SUCCESS  | method:run_experiment:1196 - Saved results to /home/adrian/projects/ai-inventor/aii_pipeline/runs/run__20260212_072136/3_invention_loop/iter_3/gen_art/exp_id1_it3__opus/method_out.json (22.7 KB)
2026-02-12 08:17:22.767 | INFO     | method:run_experiment:1199 - ======================================================================
2026-02-12 08:17:22.767 | INFO     | method:run_experiment:1200 - SUMMARY (mean accuracy across 5 folds)
2026-02-12 08:17:22.767 | INFO     | method:run_experiment:1201 - Dataset                       FIGS  RO-FIGS  SG-FIGS       GB
2026-02-12 08:17:22.767 | INFO     | method:run_experiment:1202 - ----------------------------------------------------------------------
2026-02-12 08:17:22.767 | INFO     | method:run_experiment:1214 - wine                       0.9103  0.8660  0.9157  0.9214
2026-02-12 08:17:22.767 | INFO     | method:run_experiment:1214 - breast_cancer_wisconsin    0.9315  0.9297  0.9543  0.9508
2026-02-12 08:17:22.767 | INFO     | method:run_experiment:1216 - ======================================================================
2026-02-12 08:17:22.767 | INFO     | method:run_experiment:1217 - Total runtime: 79.3s
2026-02-12 08:17:42.411 | INFO     | __main__:load_all_datasets:74 - Loading artifact data_id1 from full_data_out.json
2026-02-12 08:17:42.491 | INFO     | __main__:load_all_datasets:121 -   breast_cancer_wisconsin: (569, 30), 2 classes, 5 folds
2026-02-12 08:17:42.493 | INFO     | __main__:load_all_datasets:121 -   wine: (178, 13), 3 classes, 5 folds
2026-02-12 08:17:42.493 | INFO     | __main__:load_all_datasets:74 - Loading artifact data_id2 from full_data_out.json
2026-02-12 08:17:42.546 | INFO     | __main__:load_all_datasets:121 -   diabetes: (768, 8), 2 classes, 5 folds
2026-02-12 08:17:42.548 | INFO     | __main__:load_all_datasets:121 -   heart-statlog: (270, 13), 2 classes, 5 folds
2026-02-12 08:17:42.552 | INFO     | __main__:load_all_datasets:121 -   ionosphere: (351, 34), 2 classes, 5 folds
2026-02-12 08:17:42.556 | INFO     | __main__:load_all_datasets:121 -   sonar: (208, 60), 2 classes, 5 folds
2026-02-12 08:17:42.563 | INFO     | __main__:load_all_datasets:121 -   vehicle: (846, 18), 4 classes, 5 folds
2026-02-12 08:17:42.582 | INFO     | __main__:load_all_datasets:121 -   segment: (2310, 19), 7 classes, 5 folds
2026-02-12 08:17:42.583 | INFO     | __main__:load_all_datasets:121 -   glass: (214, 9), 6 classes, 5 folds
2026-02-12 08:17:42.588 | INFO     | __main__:load_all_datasets:121 -   banknote-authentication: (1372, 4), 2 classes, 5 folds
2026-02-12 08:17:42.588 | INFO     | __main__:load_all_datasets:74 - Loading artifact data_id3 from full_data_out.json
2026-02-12 08:17:42.616 | INFO     | __main__:load_all_datasets:121 -   credit_g: (1000, 20), 2 classes, 5 folds
2026-02-12 08:17:42.620 | INFO     | __main__:load_all_datasets:121 -   australian: (690, 14), 2 classes, 5 folds
2026-02-12 08:17:42.622 | INFO     | __main__:run_experiment:799 - Loaded 12 datasets total
2026-02-12 08:17:42.622 | INFO     | __main__:run_experiment:806 - Dataset order: ['wine', 'sonar', 'glass', 'heart-statlog', 'ionosphere', 'breast_cancer_wisconsin', 'australian', 'diabetes', 'vehicle', 'credit_g', 'banknote-authentication', 'segment']
2026-02-12 08:17:42.622 | INFO     | __main__:run_experiment:816 - [1/12] Processing wine: (178, 13), 3 classes
2026-02-12 08:17:42.669 | INFO     | __main__:run_experiment:838 -   Synergy graph: 20 edges, 25 candidates, threshold=0.3881, time=0.0s
2026-02-12 08:17:42.669 | DEBUG    | __main__:run_experiment:857 -   Fold 0: train=142, test=36
2026-02-12 08:17:44.303 | DEBUG    | __main__:run_experiment:857 -   Fold 1: train=142, test=36
2026-02-12 08:17:45.724 | DEBUG    | __main__:run_experiment:857 -   Fold 2: train=142, test=36
2026-02-12 08:17:48.031 | DEBUG    | __main__:run_experiment:857 -   Fold 3: train=143, test=35
2026-02-12 08:17:49.385 | DEBUG    | __main__:run_experiment:857 -   Fold 4: train=143, test=35
2026-02-12 08:17:59.315 | SUCCESS  | __main__:run_experiment:1039 - Completed wine
2026-02-12 08:17:59.315 | INFO     | __main__:run_experiment:816 - [2/12] Processing sonar: (208, 60), 2 classes
2026-02-12 08:18:00.464 | INFO     | __main__:run_experiment:838 -   Synergy graph: 443 edges, 2074 candidates, threshold=0.1238, time=1.1s
2026-02-12 08:18:00.464 | DEBUG    | __main__:run_experiment:857 -   Fold 0: train=166, test=42
2026-02-12 08:18:07.565 | DEBUG    | __main__:run_experiment:857 -   Fold 1: train=166, test=42
2026-02-12 08:18:10.069 | DEBUG    | __main__:run_experiment:857 -   Fold 2: train=166, test=42
2026-02-12 08:18:12.608 | DEBUG    | __main__:run_experiment:857 -   Fold 3: train=167, test=41
2026-02-12 08:18:21.814 | DEBUG    | __main__:run_experiment:857 -   Fold 4: train=167, test=41
2026-02-12 08:18:24.504 | SUCCESS  | __main__:run_experiment:1039 - Completed sonar
2026-02-12 08:18:24.504 | INFO     | __main__:run_experiment:816 - [3/12] Processing glass: (214, 9), 6 classes
2026-02-12 08:18:24.532 | INFO     | __main__:run_experiment:838 -   Synergy graph: 9 edges, 13 candidates, threshold=0.5043, time=0.0s
2026-02-12 08:18:24.532 | DEBUG    | __main__:run_experiment:857 -   Fold 0: train=171, test=43
2026-02-12 08:18:26.927 | DEBUG    | __main__:run_experiment:857 -   Fold 1: train=171, test=43
2026-02-12 08:18:34.481 | DEBUG    | __main__:run_experiment:857 -   Fold 2: train=171, test=43
2026-02-12 08:18:50.956 | DEBUG    | __main__:run_experiment:857 -   Fold 3: train=171, test=43
2026-02-12 08:19:07.267 | DEBUG    | __main__:run_experiment:857 -   Fold 4: train=172, test=42
2026-02-12 08:19:09.525 | SUCCESS  | __main__:run_experiment:1039 - Completed glass
2026-02-12 08:19:09.526 | INFO     | __main__:run_experiment:816 - [4/12] Processing heart-statlog: (270, 13), 2 classes
2026-02-12 08:19:09.591 | INFO     | __main__:run_experiment:838 -   Synergy graph: 20 edges, 48 candidates, threshold=0.0423, time=0.1s
2026-02-12 08:19:09.591 | DEBUG    | __main__:run_experiment:857 -   Fold 0: train=216, test=54
2026-02-12 08:19:17.706 | DEBUG    | __main__:run_experiment:857 -   Fold 1: train=216, test=54
2026-02-12 08:19:19.953 | DEBUG    | __main__:run_experiment:857 -   Fold 2: train=216, test=54
2026-02-12 08:19:22.047 | DEBUG    | __main__:run_experiment:857 -   Fold 3: train=216, test=54
2026-02-12 08:19:24.443 | DEBUG    | __main__:run_experiment:857 -   Fold 4: train=216, test=54
2026-02-12 08:19:26.735 | SUCCESS  | __main__:run_experiment:1039 - Completed heart-statlog
2026-02-12 08:19:26.736 | INFO     | __main__:run_experiment:816 - [5/12] Processing ionosphere: (351, 34), 2 classes
2026-02-12 08:19:27.326 | INFO     | __main__:run_experiment:838 -   Synergy graph: 141 edges, 343 candidates, threshold=0.1788, time=0.6s
2026-02-12 08:19:27.326 | DEBUG    | __main__:run_experiment:857 -   Fold 0: train=280, test=71
2026-02-12 08:19:29.794 | DEBUG    | __main__:run_experiment:857 -   Fold 1: train=281, test=70
2026-02-12 08:19:32.347 | DEBUG    | __main__:run_experiment:857 -   Fold 2: train=281, test=70
2026-02-12 08:19:51.260 | DEBUG    | __main__:run_experiment:857 -   Fold 3: train=281, test=70
2026-02-12 08:19:53.306 | DEBUG    | __main__:run_experiment:857 -   Fold 4: train=281, test=70
2026-02-12 08:19:55.642 | SUCCESS  | __main__:run_experiment:1039 - Completed ionosphere
2026-02-12 08:19:55.642 | INFO     | __main__:run_experiment:816 - [6/12] Processing breast_cancer_wisconsin: (569, 30), 2 classes
2026-02-12 08:19:56.526 | INFO     | __main__:run_experiment:838 -   Synergy graph: 109 edges, 174 candidates, threshold=0.0945, time=0.9s
2026-02-12 08:19:56.527 | DEBUG    | __main__:run_experiment:857 -   Fold 0: train=455, test=114
2026-02-12 08:20:05.981 | DEBUG    | __main__:run_experiment:857 -   Fold 1: train=455, test=114
2026-02-12 08:20:22.069 | DEBUG    | __main__:run_experiment:857 -   Fold 2: train=455, test=114
2026-02-12 08:20:24.855 | DEBUG    | __main__:run_experiment:857 -   Fold 3: train=455, test=114
2026-02-12 08:20:39.152 | DEBUG    | __main__:run_experiment:857 -   Fold 4: train=456, test=113
2026-02-12 08:20:53.170 | SUCCESS  | __main__:run_experiment:1039 - Completed breast_cancer_wisconsin
2026-02-12 08:20:53.171 | INFO     | __main__:run_experiment:816 - [7/12] Processing australian: (690, 14), 2 classes
2026-02-12 08:20:53.318 | INFO     | __main__:run_experiment:838 -   Synergy graph: 23 edges, 72 candidates, threshold=0.0346, time=0.1s
2026-02-12 08:20:53.318 | DEBUG    | __main__:run_experiment:857 -   Fold 0: train=552, test=138
2026-02-12 08:20:55.889 | DEBUG    | __main__:run_experiment:857 -   Fold 1: train=552, test=138
2026-02-12 08:21:06.174 | DEBUG    | __main__:run_experiment:857 -   Fold 2: train=552, test=138
2026-02-12 08:21:14.888 | DEBUG    | __main__:run_experiment:857 -   Fold 3: train=552, test=138
2026-02-12 08:21:17.424 | DEBUG    | __main__:run_experiment:857 -   Fold 4: train=552, test=138
2026-02-12 08:21:26.314 | SUCCESS  | __main__:run_experiment:1039 - Completed australian
2026-02-12 08:21:26.315 | INFO     | __main__:run_experiment:816 - [8/12] Processing diabetes: (768, 8), 2 classes
2026-02-12 08:21:26.399 | INFO     | __main__:run_experiment:838 -   Synergy graph: 7 edges, 12 candidates, threshold=0.0422, time=0.1s
2026-02-12 08:21:26.399 | DEBUG    | __main__:run_experiment:857 -   Fold 0: train=614, test=154
2026-02-12 08:21:27.512 | DEBUG    | __main__:run_experiment:857 -   Fold 1: train=614, test=154
2026-02-12 08:21:28.580 | DEBUG    | __main__:run_experiment:857 -   Fold 2: train=614, test=154
2026-02-12 08:21:29.658 | DEBUG    | __main__:run_experiment:857 -   Fold 3: train=615, test=153
2026-02-12 08:21:35.931 | DEBUG    | __main__:run_experiment:857 -   Fold 4: train=615, test=153
2026-02-12 08:21:36.973 | SUCCESS  | __main__:run_experiment:1039 - Completed diabetes
2026-02-12 08:21:36.973 | INFO     | __main__:run_experiment:816 - [9/12] Processing vehicle: (846, 18), 4 classes
2026-02-12 08:21:37.336 | INFO     | __main__:run_experiment:838 -   Synergy graph: 39 edges, 51 candidates, threshold=0.2728, time=0.4s
2026-02-12 08:21:37.336 | DEBUG    | __main__:run_experiment:857 -   Fold 0: train=676, test=170
2026-02-12 08:22:17.144 | DEBUG    | __main__:run_experiment:857 -   Fold 1: train=677, test=169
2026-02-12 08:22:37.481 | DEBUG    | __main__:run_experiment:857 -   Fold 2: train=677, test=169
2026-02-12 08:23:17.353 | DEBUG    | __main__:run_experiment:857 -   Fold 3: train=677, test=169
2026-02-12 08:23:36.317 | DEBUG    | __main__:run_experiment:857 -   Fold 4: train=677, test=169
2026-02-12 08:23:55.906 | SUCCESS  | __main__:run_experiment:1039 - Completed vehicle
2026-02-12 08:23:55.906 | INFO     | __main__:run_experiment:816 - [10/12] Processing credit_g: (1000, 20), 2 classes
2026-02-12 08:23:56.517 | INFO     | __main__:run_experiment:838 -   Synergy graph: 48 edges, 224 candidates, threshold=0.0072, time=0.6s
2026-02-12 08:23:56.518 | DEBUG    | __main__:run_experiment:857 -   Fold 0: train=800, test=200
2026-02-12 08:23:59.446 | DEBUG    | __main__:run_experiment:857 -   Fold 1: train=800, test=200
2026-02-12 08:24:09.034 | DEBUG    | __main__:run_experiment:857 -   Fold 2: train=800, test=200
2026-02-12 08:24:18.348 | DEBUG    | __main__:run_experiment:857 -   Fold 3: train=800, test=200
2026-02-12 08:24:20.983 | DEBUG    | __main__:run_experiment:857 -   Fold 4: train=800, test=200
2026-02-12 08:24:39.800 | SUCCESS  | __main__:run_experiment:1039 - Completed credit_g
2026-02-12 08:24:39.800 | INFO     | __main__:run_experiment:816 - [11/12] Processing banknote-authentication: (1372, 4), 2 classes
2026-02-12 08:24:39.822 | INFO     | __main__:run_experiment:838 -   Synergy graph: 3 edges, 3 candidates, threshold=0.1928, time=0.0s
2026-02-12 08:24:39.822 | DEBUG    | __main__:run_experiment:857 -   Fold 0: train=1097, test=275
2026-02-12 08:24:42.497 | DEBUG    | __main__:run_experiment:857 -   Fold 1: train=1097, test=275
2026-02-12 08:24:45.266 | DEBUG    | __main__:run_experiment:857 -   Fold 2: train=1098, test=274
2026-02-12 08:24:47.530 | DEBUG    | __main__:run_experiment:857 -   Fold 3: train=1098, test=274
2026-02-12 08:24:50.478 | DEBUG    | __main__:run_experiment:857 -   Fold 4: train=1098, test=274
2026-02-12 08:24:53.472 | SUCCESS  | __main__:run_experiment:1039 - Completed banknote-authentication
2026-02-12 08:24:53.472 | INFO     | __main__:run_experiment:816 - [12/12] Processing segment: (2310, 19), 7 classes
2026-02-12 08:24:54.499 | INFO     | __main__:run_experiment:838 -   Synergy graph: 43 edges, 172 candidates, threshold=0.4000, time=1.0s
2026-02-12 08:24:54.500 | DEBUG    | __main__:run_experiment:857 -   Fold 0: train=1848, test=462
2026-02-12 08:25:58.221 | DEBUG    | __main__:run_experiment:857 -   Fold 1: train=1848, test=462
2026-02-12 08:27:01.879 | DEBUG    | __main__:run_experiment:857 -   Fold 2: train=1848, test=462
2026-02-12 08:28:05.686 | DEBUG    | __main__:run_experiment:857 -   Fold 3: train=1848, test=462
2026-02-12 08:29:04.142 | DEBUG    | __main__:run_experiment:857 -   Fold 4: train=1848, test=462
2026-02-12 08:30:11.721 | SUCCESS  | __main__:run_experiment:1039 - Completed segment
2026-02-12 08:30:11.737 | SUCCESS  | __main__:run_experiment:1196 - Saved results to /home/adrian/projects/ai-inventor/aii_pipeline/runs/run__20260212_072136/3_invention_loop/iter_3/gen_art/exp_id1_it3__opus/method_out.json (130.8 KB)
2026-02-12 08:30:11.737 | INFO     | __main__:run_experiment:1199 - ======================================================================
2026-02-12 08:30:11.737 | INFO     | __main__:run_experiment:1200 - SUMMARY (mean accuracy across 5 folds)
2026-02-12 08:30:11.737 | INFO     | __main__:run_experiment:1201 - Dataset                       FIGS  RO-FIGS  SG-FIGS       GB
2026-02-12 08:30:11.737 | INFO     | __main__:run_experiment:1202 - ----------------------------------------------------------------------
2026-02-12 08:30:11.738 | INFO     | __main__:run_experiment:1214 - wine                       0.9046  0.8771  0.9102  0.9214
2026-02-12 08:30:11.738 | INFO     | __main__:run_experiment:1214 - sonar                      0.7642  0.7449  0.7598  0.8177
2026-02-12 08:30:11.738 | INFO     | __main__:run_experiment:1214 - glass                      0.6962  0.6497  0.6498  0.7526
2026-02-12 08:30:11.738 | INFO     | __main__:run_experiment:1214 - heart-statlog              0.8111  0.7852  0.6889  0.7926
2026-02-12 08:30:11.738 | INFO     | __main__:run_experiment:1214 - ionosphere                 0.9088  0.8945  0.8974  0.9259
2026-02-12 08:30:11.738 | INFO     | __main__:run_experiment:1214 - breast_cancer_wisconsin    0.9350  0.8789  0.9438  0.9508
2026-02-12 08:30:11.738 | INFO     | __main__:run_experiment:1214 - australian                 0.8580  0.8348  0.8333  0.8696
2026-02-12 08:30:11.738 | INFO     | __main__:run_experiment:1214 - diabetes                   0.7656  0.7108  0.6965  0.7604
2026-02-12 08:30:11.738 | INFO     | __main__:run_experiment:1214 - vehicle                    0.6938  0.6714  0.7033  0.7624
2026-02-12 08:30:11.738 | INFO     | __main__:run_experiment:1214 - credit_g                   0.7340  0.7180  0.7190  0.7600
2026-02-12 08:30:11.738 | INFO     | __main__:run_experiment:1214 - banknote-authentication    0.9789  0.9905  0.8351  0.9956
2026-02-12 08:30:11.739 | INFO     | __main__:run_experiment:1214 - segment                    0.9403  0.9074  0.9472  0.9762
2026-02-12 08:30:11.739 | INFO     | __main__:run_experiment:1216 - ======================================================================
2026-02-12 08:30:11.739 | INFO     | __main__:run_experiment:1217 - Total runtime: 749.3s
2026-02-12 08:34:18.090 | INFO     | __main__:load_all_datasets:74 - Loading artifact data_id1 from full_data_out.json
2026-02-12 08:34:18.207 | INFO     | __main__:load_all_datasets:121 -   breast_cancer_wisconsin: (569, 30), 2 classes, 5 folds
2026-02-12 08:34:18.210 | INFO     | __main__:load_all_datasets:121 -   wine: (178, 13), 3 classes, 5 folds
2026-02-12 08:34:18.210 | INFO     | __main__:load_all_datasets:74 - Loading artifact data_id2 from full_data_out.json
2026-02-12 08:34:18.314 | INFO     | __main__:load_all_datasets:121 -   diabetes: (768, 8), 2 classes, 5 folds
2026-02-12 08:34:18.319 | INFO     | __main__:load_all_datasets:121 -   heart-statlog: (270, 13), 2 classes, 5 folds
2026-02-12 08:34:18.329 | INFO     | __main__:load_all_datasets:121 -   ionosphere: (351, 34), 2 classes, 5 folds
2026-02-12 08:34:18.338 | INFO     | __main__:load_all_datasets:121 -   sonar: (208, 60), 2 classes, 5 folds
2026-02-12 08:34:18.350 | INFO     | __main__:load_all_datasets:121 -   vehicle: (846, 18), 4 classes, 5 folds
2026-02-12 08:34:18.375 | INFO     | __main__:load_all_datasets:121 -   segment: (2310, 19), 7 classes, 5 folds
2026-02-12 08:34:18.376 | INFO     | __main__:load_all_datasets:121 -   glass: (214, 9), 6 classes, 5 folds
2026-02-12 08:34:18.383 | INFO     | __main__:load_all_datasets:121 -   banknote-authentication: (1372, 4), 2 classes, 5 folds
2026-02-12 08:34:18.383 | INFO     | __main__:load_all_datasets:74 - Loading artifact data_id3 from full_data_out.json
2026-02-12 08:34:18.427 | INFO     | __main__:load_all_datasets:121 -   credit_g: (1000, 20), 2 classes, 5 folds
2026-02-12 08:34:18.432 | INFO     | __main__:load_all_datasets:121 -   australian: (690, 14), 2 classes, 5 folds
2026-02-12 08:34:18.434 | INFO     | __main__:run_experiment:799 - Loaded 12 datasets total
2026-02-12 08:34:18.434 | INFO     | __main__:run_experiment:812 - Dataset order: ['wine', 'sonar', 'glass', 'heart-statlog', 'ionosphere', 'breast_cancer_wisconsin', 'australian', 'diabetes', 'vehicle', 'credit_g', 'banknote-authentication', 'segment']
2026-02-12 08:34:18.434 | INFO     | __main__:run_experiment:822 - [1/12] Processing wine: (178, 13), 3 classes
2026-02-12 08:34:18.498 | INFO     | __main__:run_experiment:844 -   Synergy graph: 20 edges, 25 candidates, threshold=0.3881, time=0.1s
2026-02-12 08:34:18.499 | DEBUG    | __main__:run_experiment:868 -   Fold 0: train=142, test=36
2026-02-12 08:34:20.371 | DEBUG    | __main__:run_experiment:868 -   Fold 1: train=142, test=36
2026-02-12 08:34:22.066 | DEBUG    | __main__:run_experiment:868 -   Fold 2: train=142, test=36
2026-02-12 08:34:24.847 | DEBUG    | __main__:run_experiment:868 -   Fold 3: train=143, test=35
2026-02-12 08:34:26.115 | DEBUG    | __main__:run_experiment:868 -   Fold 4: train=143, test=35
2026-02-12 08:34:31.081 | SUCCESS  | __main__:run_experiment:1082 - Completed wine: 178 test examples
2026-02-12 08:34:31.081 | INFO     | __main__:run_experiment:822 - [2/12] Processing sonar: (208, 60), 2 classes
2026-02-12 08:34:32.248 | INFO     | __main__:run_experiment:844 -   Synergy graph: 443 edges, 2074 candidates, threshold=0.1238, time=1.2s
2026-02-12 08:34:32.249 | DEBUG    | __main__:run_experiment:868 -   Fold 0: train=166, test=42
2026-02-12 08:34:39.486 | DEBUG    | __main__:run_experiment:868 -   Fold 1: train=166, test=42
2026-02-12 08:34:42.046 | DEBUG    | __main__:run_experiment:868 -   Fold 2: train=166, test=42
2026-02-12 08:35:01.728 | DEBUG    | __main__:run_experiment:868 -   Fold 3: train=167, test=41
2026-02-12 08:35:18.830 | DEBUG    | __main__:run_experiment:868 -   Fold 4: train=167, test=41
2026-02-12 08:35:21.421 | SUCCESS  | __main__:run_experiment:1082 - Completed sonar: 208 test examples
2026-02-12 08:35:21.421 | INFO     | __main__:run_experiment:822 - [3/12] Processing glass: (214, 9), 6 classes
2026-02-12 08:35:21.448 | INFO     | __main__:run_experiment:844 -   Synergy graph: 9 edges, 13 candidates, threshold=0.5043, time=0.0s
2026-02-12 08:35:21.448 | DEBUG    | __main__:run_experiment:868 -   Fold 0: train=171, test=43
2026-02-12 08:35:23.935 | DEBUG    | __main__:run_experiment:868 -   Fold 1: train=171, test=43
2026-02-12 08:35:30.924 | DEBUG    | __main__:run_experiment:868 -   Fold 2: train=171, test=43
2026-02-12 08:35:48.251 | DEBUG    | __main__:run_experiment:868 -   Fold 3: train=171, test=43
2026-02-12 08:36:04.387 | DEBUG    | __main__:run_experiment:868 -   Fold 4: train=172, test=42
2026-02-12 08:36:07.080 | SUCCESS  | __main__:run_experiment:1082 - Completed glass: 214 test examples
2026-02-12 08:36:07.080 | INFO     | __main__:run_experiment:822 - [4/12] Processing heart-statlog: (270, 13), 2 classes
2026-02-12 08:36:07.186 | INFO     | __main__:run_experiment:844 -   Synergy graph: 20 edges, 48 candidates, threshold=0.0423, time=0.1s
2026-02-12 08:36:07.188 | DEBUG    | __main__:run_experiment:868 -   Fold 0: train=216, test=54
2026-02-12 08:36:16.608 | DEBUG    | __main__:run_experiment:868 -   Fold 1: train=216, test=54
2026-02-12 08:36:19.026 | DEBUG    | __main__:run_experiment:868 -   Fold 2: train=216, test=54
2026-02-12 08:36:21.186 | DEBUG    | __main__:run_experiment:868 -   Fold 3: train=216, test=54
2026-02-12 08:36:23.506 | DEBUG    | __main__:run_experiment:868 -   Fold 4: train=216, test=54
2026-02-12 08:36:25.970 | SUCCESS  | __main__:run_experiment:1082 - Completed heart-statlog: 270 test examples
2026-02-12 08:36:25.971 | INFO     | __main__:run_experiment:822 - [5/12] Processing ionosphere: (351, 34), 2 classes
2026-02-12 08:36:26.621 | INFO     | __main__:run_experiment:844 -   Synergy graph: 141 edges, 343 candidates, threshold=0.1788, time=0.6s
2026-02-12 08:36:26.621 | DEBUG    | __main__:run_experiment:868 -   Fold 0: train=280, test=71
2026-02-12 08:36:29.181 | DEBUG    | __main__:run_experiment:868 -   Fold 1: train=281, test=70
2026-02-12 08:36:31.751 | DEBUG    | __main__:run_experiment:868 -   Fold 2: train=281, test=70
2026-02-12 08:36:48.984 | DEBUG    | __main__:run_experiment:868 -   Fold 3: train=281, test=70
2026-02-12 08:36:51.148 | DEBUG    | __main__:run_experiment:868 -   Fold 4: train=281, test=70
2026-02-12 08:36:53.483 | SUCCESS  | __main__:run_experiment:1082 - Completed ionosphere: 351 test examples
2026-02-12 08:36:53.483 | INFO     | __main__:run_experiment:822 - [6/12] Processing breast_cancer_wisconsin: (569, 30), 2 classes
2026-02-12 08:36:54.528 | INFO     | __main__:run_experiment:844 -   Synergy graph: 109 edges, 174 candidates, threshold=0.0945, time=1.0s
2026-02-12 08:36:54.528 | DEBUG    | __main__:run_experiment:868 -   Fold 0: train=455, test=114
2026-02-12 08:37:03.164 | DEBUG    | __main__:run_experiment:868 -   Fold 1: train=455, test=114
2026-02-12 08:37:10.783 | DEBUG    | __main__:run_experiment:868 -   Fold 2: train=455, test=114
2026-02-12 08:37:13.543 | DEBUG    | __main__:run_experiment:868 -   Fold 3: train=455, test=114
2026-02-12 08:37:20.427 | DEBUG    | __main__:run_experiment:868 -   Fold 4: train=456, test=113
2026-02-12 08:37:23.459 | SUCCESS  | __main__:run_experiment:1082 - Completed breast_cancer_wisconsin: 569 test examples
2026-02-12 08:37:23.459 | INFO     | __main__:run_experiment:822 - [7/12] Processing australian: (690, 14), 2 classes
2026-02-12 08:37:23.649 | INFO     | __main__:run_experiment:844 -   Synergy graph: 23 edges, 72 candidates, threshold=0.0346, time=0.2s
2026-02-12 08:37:23.649 | DEBUG    | __main__:run_experiment:868 -   Fold 0: train=552, test=138
2026-02-12 08:37:26.227 | DEBUG    | __main__:run_experiment:868 -   Fold 1: train=552, test=138
2026-02-12 08:37:36.520 | DEBUG    | __main__:run_experiment:868 -   Fold 2: train=552, test=138
2026-02-12 08:37:45.864 | DEBUG    | __main__:run_experiment:868 -   Fold 3: train=552, test=138
2026-02-12 08:37:48.332 | DEBUG    | __main__:run_experiment:868 -   Fold 4: train=552, test=138
2026-02-12 08:37:57.091 | SUCCESS  | __main__:run_experiment:1082 - Completed australian: 690 test examples
2026-02-12 08:37:57.092 | INFO     | __main__:run_experiment:822 - [8/12] Processing diabetes: (768, 8), 2 classes
2026-02-12 08:37:57.150 | INFO     | __main__:run_experiment:844 -   Synergy graph: 7 edges, 12 candidates, threshold=0.0422, time=0.1s
2026-02-12 08:37:57.151 | DEBUG    | __main__:run_experiment:868 -   Fold 0: train=614, test=154
2026-02-12 08:37:58.231 | DEBUG    | __main__:run_experiment:868 -   Fold 1: train=614, test=154
2026-02-12 08:37:59.274 | DEBUG    | __main__:run_experiment:868 -   Fold 2: train=614, test=154
2026-02-12 08:38:00.419 | DEBUG    | __main__:run_experiment:868 -   Fold 3: train=615, test=153
2026-02-12 08:38:06.664 | DEBUG    | __main__:run_experiment:868 -   Fold 4: train=615, test=153
2026-02-12 08:38:07.756 | SUCCESS  | __main__:run_experiment:1082 - Completed diabetes: 768 test examples
2026-02-12 08:38:07.756 | INFO     | __main__:run_experiment:822 - [9/12] Processing vehicle: (846, 18), 4 classes
2026-02-12 08:38:08.087 | INFO     | __main__:run_experiment:844 -   Synergy graph: 39 edges, 51 candidates, threshold=0.2728, time=0.3s
2026-02-12 08:38:08.088 | DEBUG    | __main__:run_experiment:868 -   Fold 0: train=676, test=170
2026-02-12 08:38:46.540 | DEBUG    | __main__:run_experiment:868 -   Fold 1: train=677, test=169
2026-02-12 08:39:06.425 | DEBUG    | __main__:run_experiment:868 -   Fold 2: train=677, test=169
2026-02-12 08:39:46.978 | DEBUG    | __main__:run_experiment:868 -   Fold 3: train=677, test=169
2026-02-12 08:40:05.156 | DEBUG    | __main__:run_experiment:868 -   Fold 4: train=677, test=169
2026-02-12 08:40:25.028 | SUCCESS  | __main__:run_experiment:1082 - Completed vehicle: 846 test examples
2026-02-12 08:40:25.028 | INFO     | __main__:run_experiment:822 - [10/12] Processing credit_g: (1000, 20), 2 classes
2026-02-12 08:40:25.680 | INFO     | __main__:run_experiment:844 -   Synergy graph: 48 edges, 224 candidates, threshold=0.0072, time=0.7s
2026-02-12 08:40:25.681 | DEBUG    | __main__:run_experiment:868 -   Fold 0: train=800, test=200
2026-02-12 08:40:28.517 | DEBUG    | __main__:run_experiment:868 -   Fold 1: train=800, test=200
2026-02-12 08:40:37.927 | DEBUG    | __main__:run_experiment:868 -   Fold 2: train=800, test=200
2026-02-12 08:40:46.953 | DEBUG    | __main__:run_experiment:868 -   Fold 3: train=800, test=200
2026-02-12 08:40:49.553 | DEBUG    | __main__:run_experiment:868 -   Fold 4: train=800, test=200
2026-02-12 08:41:08.709 | SUCCESS  | __main__:run_experiment:1082 - Completed credit_g: 1000 test examples
2026-02-12 08:41:08.709 | INFO     | __main__:run_experiment:822 - [11/12] Processing banknote-authentication: (1372, 4), 2 classes
2026-02-12 08:41:08.733 | INFO     | __main__:run_experiment:844 -   Synergy graph: 3 edges, 3 candidates, threshold=0.1928, time=0.0s
2026-02-12 08:41:08.734 | DEBUG    | __main__:run_experiment:868 -   Fold 0: train=1097, test=275
2026-02-12 08:41:11.456 | DEBUG    | __main__:run_experiment:868 -   Fold 1: train=1097, test=275
2026-02-12 08:41:14.177 | DEBUG    | __main__:run_experiment:868 -   Fold 2: train=1098, test=274
2026-02-12 08:41:16.462 | DEBUG    | __main__:run_experiment:868 -   Fold 3: train=1098, test=274
2026-02-12 08:41:19.298 | DEBUG    | __main__:run_experiment:868 -   Fold 4: train=1098, test=274
2026-02-12 08:41:22.124 | SUCCESS  | __main__:run_experiment:1082 - Completed banknote-authentication: 1372 test examples
2026-02-12 08:41:22.125 | INFO     | __main__:run_experiment:822 - [12/12] Processing segment: (2310, 19), 7 classes
2026-02-12 08:41:23.046 | INFO     | __main__:run_experiment:844 -   Synergy graph: 43 edges, 172 candidates, threshold=0.4000, time=0.9s
2026-02-12 08:41:23.046 | DEBUG    | __main__:run_experiment:868 -   Fold 0: train=1848, test=462
2026-02-12 08:42:26.171 | DEBUG    | __main__:run_experiment:868 -   Fold 1: train=1848, test=462
2026-02-12 08:43:30.598 | DEBUG    | __main__:run_experiment:868 -   Fold 2: train=1848, test=462
2026-02-12 08:44:34.775 | DEBUG    | __main__:run_experiment:868 -   Fold 3: train=1848, test=462
2026-02-12 08:45:33.656 | DEBUG    | __main__:run_experiment:868 -   Fold 4: train=1848, test=462
2026-02-12 08:46:40.204 | SUCCESS  | __main__:run_experiment:1082 - Completed segment: 2310 test examples
2026-02-12 08:46:40.375 | SUCCESS  | __main__:run_experiment:1222 - Saved results to /home/adrian/projects/ai-inventor/aii_pipeline/runs/run__20260212_072136/3_invention_loop/iter_3/gen_art/exp_id1_it3__opus/method_out.json (6637.2 KB)
2026-02-12 08:46:40.375 | INFO     | __main__:run_experiment:1225 - ======================================================================
2026-02-12 08:46:40.375 | INFO     | __main__:run_experiment:1226 - SUMMARY (mean accuracy across 5 folds)
2026-02-12 08:46:40.375 | INFO     | __main__:run_experiment:1227 - Dataset                       FIGS  RO-FIGS  SG-FIGS       GB
2026-02-12 08:46:40.375 | INFO     | __main__:run_experiment:1228 - ----------------------------------------------------------------------
2026-02-12 08:46:40.375 | INFO     | __main__:run_experiment:1240 - wine                       0.8992  0.8771  0.8587  0.9214
2026-02-12 08:46:40.375 | INFO     | __main__:run_experiment:1240 - sonar                      0.7689  0.7402  0.7741  0.8177
2026-02-12 08:46:40.376 | INFO     | __main__:run_experiment:1240 - glass                      0.6916  0.6497  0.6498  0.7526
2026-02-12 08:46:40.376 | INFO     | __main__:run_experiment:1240 - heart-statlog              0.8000  0.7852  0.6889  0.7926
2026-02-12 08:46:40.376 | INFO     | __main__:run_experiment:1240 - ionosphere                 0.9060  0.8945  0.8974  0.9259
2026-02-12 08:46:40.376 | INFO     | __main__:run_experiment:1240 - breast_cancer_wisconsin    0.9262  0.9403  0.9561  0.9508
2026-02-12 08:46:40.376 | INFO     | __main__:run_experiment:1240 - australian                 0.8580  0.8348  0.8333  0.8696
2026-02-12 08:46:40.376 | INFO     | __main__:run_experiment:1240 - diabetes                   0.7656  0.7108  0.6965  0.7604
2026-02-12 08:46:40.376 | INFO     | __main__:run_experiment:1240 - vehicle                    0.6938  0.6714  0.7033  0.7624
2026-02-12 08:46:40.376 | INFO     | __main__:run_experiment:1240 - credit_g                   0.7340  0.7180  0.7190  0.7600
2026-02-12 08:46:40.376 | INFO     | __main__:run_experiment:1240 - banknote-authentication    0.9789  0.9905  0.8351  0.9956
2026-02-12 08:46:40.376 | INFO     | __main__:run_experiment:1240 - segment                    0.9394  0.9139  0.9468  0.9762
2026-02-12 08:46:40.377 | INFO     | __main__:run_experiment:1242 - ======================================================================
2026-02-12 08:46:40.377 | INFO     | __main__:run_experiment:1243 - Total runtime: 742.1s
